<?xml version="1.0" encoding="UTF-8"?>
<testng-results ignored="0" total="1" passed="1" failed="0" skipped="0">
  <reporter-output>
  </reporter-output>
  <suite started-at="2023-05-29T16:14:22 IST" name="Default suite" finished-at="2023-05-29T16:15:29 IST" duration-ms="67417">
    <groups>
    </groups>
    <test started-at="2023-05-29T16:14:22 IST" name="Default test" finished-at="2023-05-29T16:15:29 IST" duration-ms="67417">
      <class name="lambdatest.practice.TestScenario2_Edge">
        <test-method is-config="true" signature="testsetUp()[pri:0, instance:lambdatest.practice.TestScenario2_Edge@66d3eec0]" started-at="2023-05-29T16:14:22 IST" name="testsetUp" finished-at="2023-05-29T16:15:12 IST" duration-ms="50068" status="PASS">
          <reporter-output>
          </reporter-output>
        </test-method> <!-- testsetUp -->
        <test-method signature="myTest()[pri:0, instance:lambdatest.practice.TestScenario2_Edge@66d3eec0]" started-at="2023-05-29T16:15:12 IST" name="myTest" finished-at="2023-05-29T16:15:29 IST" duration-ms="17133" status="PASS">
          <reporter-output>
          </reporter-output>
        </test-method> <!-- myTest -->
        <test-method is-config="true" signature="endTest()[pri:0, instance:lambdatest.practice.TestScenario2_Edge@66d3eec0]" started-at="2023-05-29T16:15:29 IST" name="endTest" finished-at="2023-05-29T16:15:29 IST" duration-ms="155" status="PASS">
          <reporter-output>
          </reporter-output>
        </test-method> <!-- endTest -->
      </class> <!-- lambdatest.practice.TestScenario2_Edge -->
    </test> <!-- Default test -->
  </suite> <!-- Default suite -->
</testng-results>
